<?xml version="1.0" encoding="UTF-8"?>
<!-- Generated by org.testng.reporters.JUnitReportReporter -->
<testsuite hostname="DESKTOP-76RJS0C" failures="0" tests="1" name="org.test.TestClass" time="136.958" errors="0" timestamp="2024-11-18T12:22:53 IST" skipped="0">
  <testcase classname="org.test.TestClass" name="flipkart" time="136.958"/>
</testsuite> <!-- org.test.TestClass -->
